SCUBA, Version Diamond (64-bit) 3.10.3.144
Sat Nov 16 18:21:30 2019
  
Copyright (c) 1991-1994 by NeoCAD Inc. All rights reserved.
Copyright (c) 1995 AT&T Corp.   All rights reserved.
Copyright (c) 1995-2001 Lucent Technologies Inc.  All rights reserved.
Copyright (c) 2001 Agere Systems   All rights reserved.
Copyright (c) 2002-2017 Lattice Semiconductor Corporation,  All rights reserved.
  
BEGIN SCUBA Module Synthesis
  
    Issued command   : C:\lscc\diamond\3.10_x64\ispfpga\bin\nt64\scuba.exe -w -n internal_datamem_32 -lang vhdl -synth synplify -bus_exp 7 -bb -arch mg5a00 -type ramdq -device LFXP2-8E -addr_width 12 -data_width 32 -num_words 3072 -writemode NORMAL -resetmode SYNC -cascade -1 
    Circuit name     : internal_datamem_32
    Module type      : RAM_DQ
    Module Version   : 7.5
    Ports            : 
    Inputs       : Clock, ClockEn, Reset, WE, Address[11:0], Data[31:0]
    Outputs      : Q[31:0]
    I/O buffer       : not inserted
    EDIF output      : internal_datamem_32.edn
    VHDL output      : internal_datamem_32.vhd
    VHDL template    : internal_datamem_32_tmpl.vhd
    VHDL testbench   : tb_internal_datamem_32_tmpl.vhd
    VHDL purpose     : for synthesis and simulation
    Bus notation     : big endian
    Report output    : internal_datamem_32.srp
    Estimated Resource Usage:
            LUT : 33
            EBR : 6
            Reg : 1
  
END   SCUBA Module Synthesis

